<?xml version="1.0" encoding="UTF-8"?>
<testng-results total="2" passed="2" failed="0" skipped="0">
  <reporter-output>
    <line>
      <![CDATA[VerifyfbLogin_Pagelogo]]>
    </line>
    <line>
      <![CDATA[VerifyLogin_PageTagline]]>
    </line>
    <line>
      <![CDATA[VerifyLogin_PageForgetPassword]]>
    </line>
    <line>
      <![CDATA[VerifyLogin_PageCreateNewAccount]]>
    </line>
    <line>
      <![CDATA[VerifyfbLoginPageFooterlinksize]]>
    </line>
    <line>
      <![CDATA[SetLogin_PageUsername]]>
    </line>
    <line>
      <![CDATA[SetLogin_PagePassword]]>
    </line>
    <line>
      <![CDATA[ClickLogin_PageLoginBtn]]>
    </line>
  </reporter-output>
  <suite started-at="2022-10-19T17:30:30Z" name="Surefire suite" finished-at="2022-10-19T17:30:57Z" duration-ms="26727">
    <groups>
    </groups>
    <test started-at="2022-10-19T17:30:30Z" name="Surefire test" finished-at="2022-10-19T17:30:57Z" duration-ms="26727">
      <class name="com.projectname.qa.TestCases.Reg_Page_Test">
        <test-method is-config="true" signature="setup()" started-at="2022-10-19T17:30:51Z" name="setup" finished-at="2022-10-19T17:30:54Z" duration-ms="3049" status="PASS">
        </test-method>
        <test-method signature="fbRegPage_Postive()" started-at="2022-10-19T17:30:54Z" name="fbRegPage_Postive" finished-at="2022-10-19T17:30:57Z" duration-ms="2482" status="PASS">
        </test-method>
        <test-method is-config="true" signature="teardown()" started-at="2022-10-19T17:30:57Z" name="teardown" finished-at="2022-10-19T17:30:57Z" duration-ms="118" status="PASS">
        </test-method>
      </class>
      <class name="com.projectname.qa.TestCases.Login_Page_Test">
        <test-method is-config="true" signature="setup()" started-at="2022-10-19T17:30:30Z" name="setup" finished-at="2022-10-19T17:30:34Z" duration-ms="3979" status="PASS">
        </test-method>
        <test-method signature="FacebookLoginPageTest()" started-at="2022-10-19T17:30:34Z" name="FacebookLoginPageTest" finished-at="2022-10-19T17:30:35Z" duration-ms="877" status="PASS">
        </test-method>
        <test-method is-config="true" signature="teardown()" started-at="2022-10-19T17:30:35Z" name="teardown" finished-at="2022-10-19T17:30:51Z" duration-ms="16213" status="PASS">
        </test-method>
      </class>
    </test>
  </suite>
</testng-results>
