<?xml version="1.0" encoding="UTF-8"?>
<testsuite xmlns:xsi="http://www.w3.org/2001/XMLSchema-instance" xsi:noNamespaceSchemaLocation="https://maven.apache.org/surefire/maven-surefire-plugin/xsd/surefire-test-report.xsd" name="TestSuite" time="27.061" tests="2" errors="0" skipped="0" failures="0">
  <properties>
[...]
</properties>
  <testcase name="FacebookLoginPageTest" classname="com.projectname.qa.TestCases.Login_Page_Test" time="0.882"/>
  <testcase name="fbRegPage_Postive" classname="com.projectname.qa.TestCases.Reg_Page_Test" time="2.482"/>
</testsuite>