<?xml version="1.0" encoding="UTF-8"?>
<testng-results total="2" passed="2" failed="0" skipped="0">
  <reporter-output>
    <line>
      <![CDATA[VerifyfbLogin_Pagelogo]]>
    </line>
    <line>
      <![CDATA[VerifyLogin_PageTagline]]>
    </line>
    <line>
      <![CDATA[VerifyLogin_PageForgetPassword]]>
    </line>
    <line>
      <![CDATA[VerifyLogin_PageCreateNewAccount]]>
    </line>
    <line>
      <![CDATA[VerifyfbLoginPageFooterlinksize]]>
    </line>
    <line>
      <![CDATA[SetLogin_PageUsername]]>
    </line>
    <line>
      <![CDATA[SetLogin_PagePassword]]>
    </line>
    <line>
      <![CDATA[ClickLogin_PageLoginBtn]]>
    </line>
  </reporter-output>
  <suite started-at="2022-10-14T17:22:48Z" name="fb Suite" finished-at="2022-10-14T17:23:32Z" duration-ms="44274">
    <groups>
    </groups>
    <test started-at="2022-10-14T17:22:48Z" name="fb Test" finished-at="2022-10-14T17:23:32Z" duration-ms="44274">
      <class name="com.projectname.qa.TestCases.Reg_Page_Test">
        <test-method is-config="true" signature="setup()" started-at="2022-10-14T17:22:59Z" name="setup" finished-at="2022-10-14T17:23:09Z" duration-ms="9465" status="PASS">
        </test-method>
        <test-method signature="fbRegPage_Postive()" started-at="2022-10-14T17:23:09Z" name="fbRegPage_Postive" finished-at="2022-10-14T17:23:32Z" duration-ms="23193" status="PASS">
        </test-method>
        <test-method is-config="true" signature="teardown()" started-at="2022-10-14T17:23:32Z" name="teardown" finished-at="2022-10-14T17:23:32Z" duration-ms="180" status="PASS">
        </test-method>
      </class>
      <class name="com.projectname.qa.TestCases.Login_Page_Test">
        <test-method is-config="true" signature="setup()" started-at="2022-10-14T17:22:48Z" name="setup" finished-at="2022-10-14T17:22:58Z" duration-ms="10327" status="PASS">
        </test-method>
        <test-method signature="FacebookLoginPageTest()" started-at="2022-10-14T17:22:58Z" name="FacebookLoginPageTest" finished-at="2022-10-14T17:22:59Z" duration-ms="956" status="PASS">
        </test-method>
        <test-method is-config="true" signature="teardown()" started-at="2022-10-14T17:22:59Z" name="teardown" finished-at="2022-10-14T17:22:59Z" duration-ms="130" status="PASS">
        </test-method>
      </class>
    </test>
  </suite>
</testng-results>
